<?xml version="1.0" encoding="UTF-8" ?>
<testsuite tests="15" failures="0" name="TestSuite" time="0.175" errors="0" skipped="0">
  <properties>
    <property name="idea.version" value="2021.3.3"/>
    <property name="java.runtime.name" value="OpenJDK Runtime Environment"/>
    <property name="java.vm.version" value="18.0.1.1+2-6"/>
    <property name="sun.boot.library.path" value="/Users/annavoraberger/Library/Java/JavaVirtualMachines/openjdk-18.0.1.1/Contents/Home/lib"/>
    <property name="maven.multiModuleProjectDirectory" value="/Users/annavoraberger/Desktop/Uni/Bachelor SE/6.Semester/Software Entwicklung mit Enterprise Technologien/Übung/Übungsaufgaben/AuctionHouse Data Backend/SWT6_UE2_G2_Voraberger"/>
    <property name="java.vm.vendor" value="Oracle Corporation"/>
    <property name="java.vendor.url" value="https://java.oracle.com/"/>
    <property name="guice.disable.misplaced.annotation.check" value="true"/>
    <property name="path.separator" value=":"/>
    <property name="java.vm.name" value="OpenJDK 64-Bit Server VM"/>
    <property name="user.country" value="AT"/>
    <property name="sun.java.launcher" value="SUN_STANDARD"/>
    <property name="java.vm.specification.name" value="Java Virtual Machine Specification"/>
    <property name="user.dir" value="/Users/annavoraberger/Desktop/Uni/Bachelor SE/6.Semester/Software Entwicklung mit Enterprise Technologien/Übung/Übungsaufgaben/AuctionHouse Data Backend/SWT6_UE2_G2_Voraberger"/>
    <property name="java.vm.compressedOopsMode" value="Zero based"/>
    <property name="java.runtime.version" value="18.0.1.1+2-6"/>
    <property name="os.arch" value="x86_64"/>
    <property name="java.io.tmpdir" value="/var/folders/pl/wfn77zb51ns3d30vp0xlh63w0000gn/T/"/>
    <property name="line.separator" value="
"/>
    <property name="java.vm.specification.vendor" value="Oracle Corporation"/>
    <property name="os.name" value="Mac OS X"/>
    <property name="maven.ext.class.path" value="/Applications/IntelliJ IDEA.app/Contents/plugins/maven/lib/maven-event-listener.jar"/>
    <property name="classworlds.conf" value="/Applications/IntelliJ IDEA.app/Contents/plugins/maven/lib/maven3/bin/m2.conf"/>
    <property name="sun.jnu.encoding" value="UTF-8"/>
    <property name="java.library.path" value="/Users/annavoraberger/Library/Java/Extensions:/Library/Java/Extensions:/Network/Library/Java/Extensions:/System/Library/Java/Extensions:/usr/lib/java:."/>
    <property name="maven.conf" value="/Applications/IntelliJ IDEA.app/Contents/plugins/maven/lib/maven3/conf"/>
    <property name="jdk.debug" value="release"/>
    <property name="java.class.version" value="62.0"/>
    <property name="java.specification.name" value="Java Platform API Specification"/>
    <property name="sun.management.compiler" value="HotSpot 64-Bit Tiered Compilers"/>
    <property name="os.version" value="11.7.1"/>
    <property name="http.nonProxyHosts" value="local|*.local|169.254/16|*.169.254/16"/>
    <property name="user.home" value="/Users/annavoraberger"/>
    <property name="user.timezone" value="Europe/Vienna"/>
    <property name="file.encoding" value="UTF-8"/>
    <property name="java.specification.version" value="18"/>
    <property name="user.name" value="annavoraberger"/>
    <property name="java.class.path" value="/Applications/IntelliJ IDEA.app/Contents/plugins/maven/lib/maven3/boot/plexus-classworlds.license:/Applications/IntelliJ IDEA.app/Contents/plugins/maven/lib/maven3/boot/plexus-classworlds-2.6.0.jar"/>
    <property name="java.vm.specification.version" value="18"/>
    <property name="sun.arch.data.model" value="64"/>
    <property name="sun.java.command" value="org.codehaus.classworlds.Launcher -Didea.version=2021.3.3 install"/>
    <property name="java.home" value="/Users/annavoraberger/Library/Java/JavaVirtualMachines/openjdk-18.0.1.1/Contents/Home"/>
    <property name="apple.awt.application.name" value="Launcher"/>
    <property name="user.language" value="de"/>
    <property name="java.specification.vendor" value="Oracle Corporation"/>
    <property name="java.vm.info" value="mixed mode, sharing"/>
    <property name="java.version" value="18.0.1.1"/>
    <property name="native.encoding" value="UTF-8"/>
    <property name="java.vendor" value="Oracle Corporation"/>
    <property name="maven.home" value="/Applications/IntelliJ IDEA.app/Contents/plugins/maven/lib/maven3"/>
    <property name="file.separator" value="/"/>
    <property name="java.version.date" value="2022-04-22"/>
    <property name="java.vendor.url.bug" value="https://bugreport.java.com/bugreport/"/>
    <property name="sun.io.unicode.encoding" value="UnicodeBig"/>
    <property name="sun.cpu.endian" value="little"/>
    <property name="socksNonProxyHosts" value="local|*.local|169.254/16|*.169.254/16"/>
    <property name="ftp.nonProxyHosts" value="local|*.local|169.254/16|*.169.254/16"/>
  </properties>
  <testcase classname="ArticleManagerTest" name="insert_correctArticle_ReturnsTrue" time="0.173"/>
  <testcase classname="InsightsTest" name="findArticlesByDescription_getsJustDescription_returnsCorrectList" time="0"/>
  <testcase classname="InsightsTest" name="findArticlesByDescription_getsNonexistantDescription_returnsNull" time="0.001"/>
  <testcase classname="InsightsTest" name="findArticlesByDescription_getsNonexistantPhrasePriceAndOrder_TestingAllOrders_returnsNull" time="0"/>
  <testcase classname="InsightsTest" name="findArticlesByDescription_getsNonexistantSearchPhraseAndMaxReservePrice_returnsNull" time="0"/>
  <testcase classname="InsightsTest" name="findArticlesByDescription_getsPhrasePriceAndOrder_TestingAllOrders_returnsCorrectLists" time="0"/>
  <testcase classname="InsightsTest" name="findArticlesByDescription_getsSearchPhraseAndMaxReservePrice_returnsCorrectList" time="0"/>
  <testcase classname="InsightsTest" name="getArticlePrice_ArticleDoesNotExist_ThrowsArticleNotFoundException" time="0"/>
  <testcase classname="InsightsTest" name="getArticlePrice_AuctionEnded_ReturnsHighestHammerPrice" time="0"/>
  <testcase classname="InsightsTest" name="getArticlePrice_AuctionOverArticleNotSold_ReturnsNull" time="0"/>
  <testcase classname="InsightsTest" name="getArticlePrice_AuctionRunning_ReturnsHighestBid" time="0"/>
  <testcase classname="InsightsTest" name="getTopArticles_CountInValid_ReturnsEmptyList" time="0"/>
  <testcase classname="InsightsTest" name="getTopArticles_CountValid_ReturnsCountNumberOfTopArticles" time="0"/>
  <testcase classname="InsightsTest" name="getTopSellers_CountInValid_ReturnsEmptyList" time="0.001"/>
  <testcase classname="InsightsTest" name="getTopSellers_CountValid_ReturnsCountNumberOfTopSellers" time="0"/>
</testsuite>