<?xml version="1.0" encoding="UTF-8"?>
<!-- Generated by org.testng.reporters.JUnitReportReporter -->
<testsuite hostname="Annas-MacBook-Pro-2.local" failures="0" tests="1" name="ArticleManagerTest" time="0.172" errors="0" timestamp="2023-06-02T16:33:04 MESZ" skipped="0">
  <testcase classname="ArticleManagerTest" name="insert_correctArticle_ReturnsTrue" time="0.172"/>
</testsuite> <!-- ArticleManagerTest -->
